This is pdfTeX, Version 3.14159265-2.6-1.40.19 (MiKTeX 2.9.6840 64-bit) (preloaded format=pdflatex 2018.12.26)  27 DEC 2018 14:56
entering extended mode
**./Industrial_Reading_Project.tex
(Industrial_Reading_Project.tex
LaTeX2e <2018-04-01> patch level 5
("C:\Users\marga\AppData\Local\Programs\MiKTeX 2.9\tex\latex\base\article.cls"
Document Class: article 2014/09/29 v1.4h Standard LaTeX document class
("C:\Users\marga\AppData\Local\Programs\MiKTeX 2.9\tex\latex\base\size11.clo"
File: size11.clo 2014/09/29 v1.4h Standard LaTeX file (size option)
)
\c@part=\count80
\c@section=\count81
\c@subsection=\count82
\c@subsubsection=\count83
\c@paragraph=\count84
\c@subparagraph=\count85
\c@figure=\count86
\c@table=\count87
\abovecaptionskip=\skip41
\belowcaptionskip=\skip42
\bibindent=\dimen102
)
("C:\Users\marga\AppData\Local\Programs\MiKTeX 2.9\tex\latex\geometry\geometry.
sty"
Package: geometry 2018/04/16 v5.8 Page Geometry

("C:\Users\marga\AppData\Local\Programs\MiKTeX 2.9\tex\latex\graphics\keyval.st
y"
Package: keyval 2014/10/28 v1.15 key=value parser (DPC)
\KV@toks@=\toks14
)
("C:\Users\marga\AppData\Local\Programs\MiKTeX 2.9\tex\generic\oberdiek\ifpdf.s
ty"
Package: ifpdf 2018/09/07 v3.3 Provides the ifpdf switch
)
("C:\Users\marga\AppData\Local\Programs\MiKTeX 2.9\tex\generic\oberdiek\ifvtex.
sty"
Package: ifvtex 2016/05/16 v1.6 Detect VTeX and its facilities (HO)
Package ifvtex Info: VTeX not detected.
)
("C:\Users\marga\AppData\Local\Programs\MiKTeX 2.9\tex\generic\ifxetex\ifxetex.
sty"
Package: ifxetex 2010/09/12 v0.6 Provides ifxetex conditional
)
\Gm@cnth=\count88
\Gm@cntv=\count89
\c@Gm@tempcnt=\count90
\Gm@bindingoffset=\dimen103
\Gm@wd@mp=\dimen104
\Gm@odd@mp=\dimen105
\Gm@even@mp=\dimen106
\Gm@layoutwidth=\dimen107
\Gm@layoutheight=\dimen108
\Gm@layouthoffset=\dimen109
\Gm@layoutvoffset=\dimen110
\Gm@dimlist=\toks15

("C:\Users\marga\AppData\Local\Programs\MiKTeX 2.9\tex\latex\geometry\geometry.
cfg"))
("C:\Users\marga\AppData\Local\Programs\MiKTeX 2.9\tex\latex\graphics\graphicx.
sty"
Package: graphicx 2017/06/01 v1.1a Enhanced LaTeX Graphics (DPC,SPQR)

("C:\Users\marga\AppData\Local\Programs\MiKTeX 2.9\tex\latex\graphics\graphics.
sty"
Package: graphics 2017/06/25 v1.2c Standard LaTeX Graphics (DPC,SPQR)

("C:\Users\marga\AppData\Local\Programs\MiKTeX 2.9\tex\latex\graphics\trig.sty"
Package: trig 2016/01/03 v1.10 sin cos tan (DPC)
)
("C:\Users\marga\AppData\Local\Programs\MiKTeX 2.9\tex\latex\graphics-cfg\graph
ics.cfg"
File: graphics.cfg 2016/06/04 v1.11 sample graphics configuration
)
Package graphics Info: Driver file: pdftex.def on input line 99.

("C:\Users\marga\AppData\Local\Programs\MiKTeX 2.9\tex\latex\graphics-def\pdfte
x.def"
File: pdftex.def 2018/01/08 v1.0l Graphics/color driver for pdftex
))
\Gin@req@height=\dimen111
\Gin@req@width=\dimen112
)
("C:\Users\marga\AppData\Local\Programs\MiKTeX 2.9\tex\latex\float\float.sty"
Package: float 2001/11/08 v1.3d Float enhancements (AL)
\c@float@type=\count91
\float@exts=\toks16
\float@box=\box26
\@float@everytoks=\toks17
\@floatcapt=\box27
)
("C:\Users\marga\AppData\Local\Programs\MiKTeX 2.9\tex\latex\cite\cite.sty"
LaTeX Info: Redefining \cite on input line 302.
LaTeX Info: Redefining \nocite on input line 332.
Package: cite 2015/02/27  v 5.5
)
("C:\Users\marga\AppData\Local\Programs\MiKTeX 2.9\tex\latex\amsmath\amsmath.st
y"
Package: amsmath 2017/09/02 v2.17a AMS math features
\@mathmargin=\skip43

For additional information on amsmath, use the `?' option.

("C:\Users\marga\AppData\Local\Programs\MiKTeX 2.9\tex\latex\amsmath\amstext.st
y"
Package: amstext 2000/06/29 v2.01 AMS text

("C:\Users\marga\AppData\Local\Programs\MiKTeX 2.9\tex\latex\amsmath\amsgen.sty
"
File: amsgen.sty 1999/11/30 v2.0 generic functions
\@emptytoks=\toks18
\ex@=\dimen113
))
("C:\Users\marga\AppData\Local\Programs\MiKTeX 2.9\tex\latex\amsmath\amsbsy.sty
"
Package: amsbsy 1999/11/29 v1.2d Bold Symbols
\pmbraise@=\dimen114
)
("C:\Users\marga\AppData\Local\Programs\MiKTeX 2.9\tex\latex\amsmath\amsopn.sty
"
Package: amsopn 2016/03/08 v2.02 operator names
)
\inf@bad=\count92
LaTeX Info: Redefining \frac on input line 213.
\uproot@=\count93
\leftroot@=\count94
LaTeX Info: Redefining \overline on input line 375.
\classnum@=\count95
\DOTSCASE@=\count96
LaTeX Info: Redefining \ldots on input line 472.
LaTeX Info: Redefining \dots on input line 475.
LaTeX Info: Redefining \cdots on input line 596.
\Mathstrutbox@=\box28
\strutbox@=\box29
\big@size=\dimen115
LaTeX Font Info:    Redeclaring font encoding OML on input line 712.
LaTeX Font Info:    Redeclaring font encoding OMS on input line 713.
\macc@depth=\count97
\c@MaxMatrixCols=\count98
\dotsspace@=\muskip10
\c@parentequation=\count99
\dspbrk@lvl=\count100
\tag@help=\toks19
\row@=\count101
\column@=\count102
\maxfields@=\count103
\andhelp@=\toks20
\eqnshift@=\dimen116
\alignsep@=\dimen117
\tagshift@=\dimen118
\tagwidth@=\dimen119
\totwidth@=\dimen120
\lineht@=\dimen121
\@envbody=\toks21
\multlinegap=\skip44
\multlinetaggap=\skip45
\mathdisplay@stack=\toks22
LaTeX Info: Redefining \[ on input line 2817.
LaTeX Info: Redefining \] on input line 2818.
) ("C:\Users\marga\AppData\Local\Programs\MiKTeX 2.9\tex\latex\was\gensymb.sty"
Package: gensymb 2003/07/02 v1.0 (WaS)
) ("C:\Users\marga\AppData\Local\Programs\MiKTeX 2.9\tex\latex\url\url.sty"
\Urlmuskip=\muskip11
Package: url 2013/09/16  ver 3.4  Verb mode for urls, etc.
)
(Industrial_Reading_Project.aux)
\openout1 = `Industrial_Reading_Project.aux'.

LaTeX Font Info:    Checking defaults for OML/cmm/m/it on input line 20.
LaTeX Font Info:    ... okay on input line 20.
LaTeX Font Info:    Checking defaults for T1/cmr/m/n on input line 20.
LaTeX Font Info:    ... okay on input line 20.
LaTeX Font Info:    Checking defaults for OT1/cmr/m/n on input line 20.
LaTeX Font Info:    ... okay on input line 20.
LaTeX Font Info:    Checking defaults for OMS/cmsy/m/n on input line 20.
LaTeX Font Info:    ... okay on input line 20.
LaTeX Font Info:    Checking defaults for OMX/cmex/m/n on input line 20.
LaTeX Font Info:    ... okay on input line 20.
LaTeX Font Info:    Checking defaults for U/cmr/m/n on input line 20.
LaTeX Font Info:    ... okay on input line 20.

*geometry* driver: auto-detecting
*geometry* detected driver: pdftex
*geometry* verbose mode - [ preamble ] result:
* driver: pdftex
* paper: a4paper
* layout: <same size as paper>
* layoutoffset:(h,v)=(0.0pt,0.0pt)
* modes: 
* h-part:(L,W,R)=(56.9055pt, 483.69687pt, 56.9055pt)
* v-part:(T,H,B)=(56.9055pt, 731.23584pt, 56.9055pt)
* \paperwidth=597.50787pt
* \paperheight=845.04684pt
* \textwidth=483.69687pt
* \textheight=731.23584pt
* \oddsidemargin=-15.36449pt
* \evensidemargin=-15.36449pt
* \topmargin=-52.36449pt
* \headheight=12.0pt
* \headsep=25.0pt
* \topskip=11.0pt
* \footskip=30.0pt
* \marginparwidth=59.0pt
* \marginparsep=10.0pt
* \columnsep=10.0pt
* \skip\footins=10.0pt plus 4.0pt minus 2.0pt
* \hoffset=0.0pt
* \voffset=0.0pt
* \mag=1000
* \@twocolumnfalse
* \@twosidefalse
* \@mparswitchfalse
* \@reversemarginfalse
* (1in=72.27pt=25.4mm, 1cm=28.453pt)


("C:\Users\marga\AppData\Local\Programs\MiKTeX 2.9\tex\context\base\supp-pdf.mk
ii"
[Loading MPS to PDF converter (version 2006.09.02).]
\scratchcounter=\count104
\scratchdimen=\dimen122
\scratchbox=\box30
\nofMPsegments=\count105
\nofMParguments=\count106
\everyMPshowfont=\toks23
\MPscratchCnt=\count107
\MPscratchDim=\dimen123
\MPnumerator=\count108
\makeMPintoPDFobject=\count109
\everyMPtoPDFconversion=\toks24
)
("C:\Users\marga\AppData\Local\Programs\MiKTeX 2.9\tex\latex\oberdiek\epstopdf-
base.sty"
Package: epstopdf-base 2016/05/15 v2.6 Base part for package epstopdf

("C:\Users\marga\AppData\Local\Programs\MiKTeX 2.9\tex\generic\oberdiek\infware
rr.sty"
Package: infwarerr 2016/05/16 v1.4 Providing info/warning/error messages (HO)
)
("C:\Users\marga\AppData\Local\Programs\MiKTeX 2.9\tex\latex\oberdiek\grfext.st
y"
Package: grfext 2016/05/16 v1.2 Manage graphics extensions (HO)

("C:\Users\marga\AppData\Local\Programs\MiKTeX 2.9\tex\generic\oberdiek\kvdefin
ekeys.sty"
Package: kvdefinekeys 2016/05/16 v1.4 Define keys (HO)

("C:\Users\marga\AppData\Local\Programs\MiKTeX 2.9\tex\generic\oberdiek\ltxcmds
.sty"
Package: ltxcmds 2016/05/16 v1.23 LaTeX kernel commands for general use (HO)
)))
("C:\Users\marga\AppData\Local\Programs\MiKTeX 2.9\tex\latex\oberdiek\kvoptions
.sty"
Package: kvoptions 2016/05/16 v3.12 Key value format for package options (HO)

("C:\Users\marga\AppData\Local\Programs\MiKTeX 2.9\tex\generic\oberdiek\kvsetke
ys.sty"
Package: kvsetkeys 2016/05/16 v1.17 Key value parser (HO)

("C:\Users\marga\AppData\Local\Programs\MiKTeX 2.9\tex\generic\oberdiek\etexcmd
s.sty"
Package: etexcmds 2016/05/16 v1.6 Avoid name clashes with e-TeX commands (HO)

("C:\Users\marga\AppData\Local\Programs\MiKTeX 2.9\tex\generic\oberdiek\ifluate
x.sty"
Package: ifluatex 2016/05/16 v1.4 Provides the ifluatex switch (HO)
Package ifluatex Info: LuaTeX not detected.
)
Package etexcmds Info: Could not find \expanded.
(etexcmds)             That can mean that you are not using pdfTeX 1.50 or
(etexcmds)             that some package has redefined \expanded.
(etexcmds)             In the latter case, load this package earlier.
)))
("C:\Users\marga\AppData\Local\Programs\MiKTeX 2.9\tex\generic\oberdiek\pdftexc
mds.sty"
Package: pdftexcmds 2018/09/10 v0.29 Utility functions of pdfTeX for LuaTeX (HO
)
Package pdftexcmds Info: LuaTeX not detected.
Package pdftexcmds Info: \pdf@primitive is available.
Package pdftexcmds Info: \pdf@ifprimitive is available.
Package pdftexcmds Info: \pdfdraftmode found.
)
Package epstopdf-base Info: Redefining graphics rule for `.eps' on input line 4
38.
Package grfext Info: Graphics extension search list:
(grfext)             [.pdf,.png,.jpg,.mps,.jpeg,.jbig2,.jb2,.PDF,.PNG,.JPG,.JPE
G,.JBIG2,.JB2,.eps]
(grfext)             \AppendGraphicsExtensions on input line 456.
)
LaTeX Info: Redefining \celsius on input line 20.
Package gensymb Info: Faking symbols for \degree and \celsius on input line 20.



Package gensymb Warning: Not defining \perthousand.

LaTeX Info: Redefining \ohm on input line 20.
Package gensymb Info: Using \Omega for \ohm on input line 20.

Package gensymb Warning: Not defining \micro.


Underfull \hbox (badness 10000) in paragraph at lines 39--39

 []

[1

{C:/Users/marga/AppData/Local/MiKTeX/2.9/pdftex/config/pdftex.map}]
(Industrial_Reading_Project.toc)
\tf@toc=\write3
\openout3 = `Industrial_Reading_Project.toc'.

 [1]

LaTeX Warning: Reference `deloittedutch' on page 2 undefined on input line 61.

LaTeX Font Info:    Try loading font information for OMS+cmr on input line 78.
("C:\Users\marga\AppData\Local\Programs\MiKTeX 2.9\tex\latex\base\omscmr.fd"
File: omscmr.fd 2014/09/29 v2.5h Standard LaTeX font definitions
)
LaTeX Font Info:    Font shape `OMS/cmr/m/n' in size <10.95> not available
(Font)              Font shape `OMS/cmsy/m/n' tried instead on input line 78.

[2] [3] [4] [5] [6]

LaTeX Warning: Citation `impactcriteria2014' on page 7 undefined on input line 
193.


LaTeX Warning: Citation `European2011' on page 7 undefined on input line 197.

[7]

LaTeX Warning: Citation `European2011' on page 8 undefined on input line 211.

[8]

LaTeX Warning: Citation `ESGIhandbook' on page 9 undefined on input line 235.

[9] [10]
<"Report_images/phd career paths".jpg, id=45, 323.70938pt x 284.56313pt>
File: "Report_images/phd career paths".jpg Graphic file (type jpg)
<use "Report_images/phd career paths".jpg>
Package pdftex.def Info: "Report_images/phd career paths".jpg  used on input li
ne 285.
(pdftex.def)             Requested size: 435.32422pt x 382.70206pt.
 [11 <./Report_images/phd career paths.jpg>]
<"Report_images/landmine image".jpg, id=49, 264.48813pt x 215.30438pt>
File: "Report_images/landmine image".jpg Graphic file (type jpg)
<use "Report_images/landmine image".jpg>
Package pdftex.def Info: "Report_images/landmine image".jpg  used on input line
 328.
(pdftex.def)             Requested size: 338.58632pt x 275.64122pt.
 [12] [13 <./Report_images/landmine image.jpg>]
<"Report_images/landmine linear features".jpg, id=62, 236.38312pt x 220.825pt>
File: "Report_images/landmine linear features".jpg Graphic file (type jpg)
<use "Report_images/landmine linear features".jpg>
Package pdftex.def Info: "Report_images/landmine linear features".jpg  used on 
input line 364.
(pdftex.def)             Requested size: 338.58632pt x 316.30972pt.

Overfull \hbox (97.93005pt too wide) in paragraph at lines 373--374
\OT1/cmr/m/n/10.95 To READ https://www.gov.scot/binaries/content/documents/govs
cot/publications/research-publication/2018/06/health-
 []

[14 <./Report_images/landmine linear features.jpg>]
<Report_images/homeless_rates.jpg, id=66, 599.841pt x 431.6928pt>
File: Report_images/homeless_rates.jpg Graphic file (type jpg)
<use Report_images/homeless_rates.jpg>
Package pdftex.def Info: Report_images/homeless_rates.jpg  used on input line 4
17.
(pdftex.def)             Requested size: 435.32422pt x 313.30191pt.
 [15]

LaTeX Warning: Reference `European2011' on page 16 undefined on input line 457.


[16 <./Report_images/homeless_rates.jpg>]
<Report_images/MilanEMS.jpg, id=74, 526.96875pt x 538.26094pt>
File: Report_images/MilanEMS.jpg Graphic file (type jpg)
<use Report_images/MilanEMS.jpg>
Package pdftex.def Info: Report_images/MilanEMS.jpg  used on input line 472.
(pdftex.def)             Requested size: 483.69687pt x 494.08908pt.
 [17] [18 <./Report_images/MilanEMS.jpg>] [19]
<"Report_images/ems milan".jpg, id=85, 449.17813pt x 200.75pt>
File: "Report_images/ems milan".jpg Graphic file (type jpg)
<use "Report_images/ems milan".jpg>
Package pdftex.def Info: "Report_images/ems milan".jpg  used on input line 533.

(pdftex.def)             Requested size: 435.32422pt x 194.5649pt.
 [20 <./Report_images/ems milan.jpg>]
<Report_images/meningitis_model.jpg, id=91, 637.4214pt x 255.354pt>
File: Report_images/meningitis_model.jpg Graphic file (type jpg)
<use Report_images/meningitis_model.jpg>
Package pdftex.def Info: Report_images/meningitis_model.jpg  used on input line
 565.
(pdftex.def)             Requested size: 435.32422pt x 174.39432pt.
 [21 <./Report_images/meningitis_model.jpg>]
Overfull \hbox (3.03613pt too wide) in alignment at lines 609--613
 [][][] []
 []

[22] [23] [24]
<"Report_images/howitworks".jpg, id=105, 663.4386pt x 425.9112pt>
File: "Report_images/howitworks".jpg Graphic file (type jpg)
<use "Report_images/howitworks".jpg>
Package pdftex.def Info: "Report_images/howitworks".jpg  used on input line 699
.
(pdftex.def)             Requested size: 159.62085pt x 102.47423pt.
<"Report_images/howitworks2".jpg, id=106, 270.7716pt x 148.3944pt>
File: "Report_images/howitworks2".jpg Graphic file (type jpg)
<use "Report_images/howitworks2".jpg>
Package pdftex.def Info: "Report_images/howitworks2".jpg  used on input line 70
0.
(pdftex.def)             Requested size: 159.62085pt x 87.47946pt.
<"Report_images/howitworks3".jpg, id=107, 490.2315pt x 241.50224pt>
File: "Report_images/howitworks3".jpg Graphic file (type jpg)
<use "Report_images/howitworks3".jpg>
Package pdftex.def Info: "Report_images/howitworks3".jpg  used on input line 70
1.
(pdftex.def)             Requested size: 159.62085pt x 78.63469pt.

Overfull \hbox (25.16568pt too wide) in paragraph at lines 697--703
 []$ 
 []

[25 <./Report_images/howitworks.jpg> <./Report_images/howitworks2.jpg> <./Repor
t_images/howitworks3.jpg>]
<Report_images/MRIimage.jpg, id=111, 272.51813pt x 308.65312pt>
File: Report_images/MRIimage.jpg Graphic file (type jpg)
<use Report_images/MRIimage.jpg>
Package pdftex.def Info: Report_images/MRIimage.jpg  used on input line 732.
(pdftex.def)             Requested size: 338.58632pt x 383.50299pt.
 [26 <./Report_images/MRIimage.jpg>]
<Report_images/tissueproperties.jpg, id=115, 680.5425pt x 161.85469pt>
File: Report_images/tissueproperties.jpg Graphic file (type jpg)
<use Report_images/tissueproperties.jpg>
Package pdftex.def Info: Report_images/tissueproperties.jpg  used on input line
 775.
(pdftex.def)             Requested size: 483.69687pt x 115.03864pt.

Underfull \hbox (badness 10000) in paragraph at lines 776--776
[]\OT1/cmr/m/n/10.95 Figure 10: Ma-te-rial prop-er-ties of tis-sues, NEEEEEEEEE
EEEED-DDDDDDD A
 []


Underfull \hbox (badness 10000) in paragraph at lines 776--776
\OT1/cmr/m/n/10.95 REEEEEEEE-EFFFFFFFF-FEEEEEEEER-RRRRRRRREEEEEEEEEEENNNNNNC-C-
C-C-C-C-C-
 []


LaTeX Warning: Citation `Sapareto1984a' on page 27 undefined on input line 785.


[27 <./Report_images/tissueproperties.jpg>] [28]
<Report_images/studygroupcode.jpg, id=122, 336.50719pt x 212.29312pt>
File: Report_images/studygroupcode.jpg Graphic file (type jpg)
<use Report_images/studygroupcode.jpg>
Package pdftex.def Info: Report_images/studygroupcode.jpg  used on input line 8
58.
(pdftex.def)             Requested size: 338.58632pt x 213.60776pt.

Overfull \hbox (57.18202pt too wide) in alignment at lines 885--887
 [][][] []
 []

[29 <./Report_images/studygroupcode.jpg>]
<Report_images/forward_central_difference.jpg, id=126, 319.1925pt x 210.7875pt>

File: Report_images/forward_central_difference.jpg Graphic file (type jpg)
<use Report_images/forward_central_difference.jpg>
Package pdftex.def Info: Report_images/forward_central_difference.jpg  used on 
input line 893.
(pdftex.def)             Requested size: 435.32422pt x 287.48094pt.
<"Report_images/2d_homogenous heating and cooling".jpg, id=127, 533.3526pt x 32
0.397pt>
File: "Report_images/2d_homogenous heating and cooling".jpg Graphic file (type 
jpg)
<use "Report_images/2d_homogenous heating and cooling".jpg>
Package pdftex.def Info: "Report_images/2d_homogenous heating and cooling".jpg 
 used on input line 902.
(pdftex.def)             Requested size: 483.69687pt x 290.56927pt.
 [30 <./Report_images/forward_central_difference.jpg>]
<Report_images/study_group_code_2D_model.jpg, id=132, 312.41719pt x 208.52907pt
>
File: Report_images/study_group_code_2D_model.jpg Graphic file (type jpg)
<use Report_images/study_group_code_2D_model.jpg>
Package pdftex.def Info: Report_images/study_group_code_2D_model.jpg  used on i
nput line 934.
(pdftex.def)             Requested size: 338.58632pt x 226.0035pt.
<Report_images/instability.jpg, id=133, 918.3108pt x 208.6194pt>
File: Report_images/instability.jpg Graphic file (type jpg)
<use Report_images/instability.jpg>
Package pdftex.def Info: Report_images/instability.jpg  used on input line 958.

(pdftex.def)             Requested size: 459.51054pt x 104.3922pt.
 [31 <./Report_images/2d_homogenous heating and cooling.jpg>]
[32 <./Report_images/study_group_code_2D_model.jpg> <./Report_images/instabilit
y.jpg>]
<"Report_images/bone without changing Q".jpg, id=140, 425.4294pt x 198.9834pt>
File: "Report_images/bone without changing Q".jpg Graphic file (type jpg)
<use "Report_images/bone without changing Q".jpg>
Package pdftex.def Info: "Report_images/bone without changing Q".jpg  used on i
nput line 978.
(pdftex.def)             Requested size: 338.58632pt x 158.37018pt.
<"Report_images/change diffusion constant".jpg, id=141, 283.81032pt x 198.7425p
t>
File: "Report_images/change diffusion constant".jpg Graphic file (type jpg)
<use "Report_images/change diffusion constant".jpg>
Package pdftex.def Info: "Report_images/change diffusion constant".jpg  used on
 input line 987.
(pdftex.def)             Requested size: 386.95897pt x 270.99886pt.
 [33 <./Report_images/bone without changing Q.jpg>]
(Industrial_Reading_Project.bbl
Overfull \hbox (57.79216pt too wide) in paragraph at lines 24--27
[]\OT1/cmr/m/n/10.95 Impact Ac-cel-er-a-tion Ac-counts - EP-SRC web-site.  http
s://epsrc.ukri.org/innovation/fundingforimpact/impact-
 []


Underfull \hbox (badness 10000) in paragraph at lines 44--46
[]\OT1/cmr/m/n/10.95 EXECUTIVE SUM-MARY Land-mine Mon-i-tor.  http://the-
 []


Underfull \hbox (badness 10000) in paragraph at lines 56--58
[]\OT1/cmr/m/n/10.95 Initial de-ci-sions on the Re-search Ex-cel-lence Frame-wo
rk 2021,.
 []

[34 <./Report_images/change diffusion constant.jpg>]

! Package inputenc Error: Unicode character ´ (U+B4)
(inputenc)                not set up for use with LaTeX.

See the inputenc package documentation for explanation.
Type  H <return>  for immediate help.
 ...                                              
                                                  
l.88 ...den Nikolic, and Tijana~Stojan{\v{c}}evi´
                                                   Stojancevic.
You may provide a definition with
\DeclareUnicodeCharacter 


Underfull \hbox (badness 2134) in paragraph at lines 109--114
[]\OT1/cmr/m/n/10.95 Professor Dame Ann Dowl-ing.  The Dowl-ing Re-view of Busi
ness-University Re-search
 []

[35]) [36] (Industrial_Reading_Project.aux)

LaTeX Warning: There were undefined references.

 ) 
Here is how much of TeX's memory you used:
 3010 strings out of 492970
 45011 string characters out of 3126593
 121084 words of memory out of 3000000
 6813 multiletter control sequences out of 15000+200000
 11440 words of font info for 40 fonts, out of 3000000 for 9000
 1141 hyphenation exceptions out of 8191
 41i,12n,29p,1431b,346s stack positions out of 5000i,500n,10000p,200000b,50000s
<C:/Users/marga/AppData/Local/Programs/MiKTeX 2.9/fonts/type1/public/amsfonts
/cm/cmbx10.pfb><C:/Users/marga/AppData/Local/Programs/MiKTeX 2.9/fonts/type1/pu
blic/amsfonts/cm/cmbx12.pfb><C:/Users/marga/AppData/Local/Programs/MiKTeX 2.9/f
onts/type1/public/amsfonts/cm/cmcsc10.pfb><C:/Users/marga/AppData/Local/Program
s/MiKTeX 2.9/fonts/type1/public/amsfonts/cm/cmex10.pfb><C:/Users/marga/AppData/
Local/Programs/MiKTeX 2.9/fonts/type1/public/amsfonts/cm/cmmi10.pfb><C:/Users/m
arga/AppData/Local/Programs/MiKTeX 2.9/fonts/type1/public/amsfonts/cm/cmmi6.pfb
><C:/Users/marga/AppData/Local/Programs/MiKTeX 2.9/fonts/type1/public/amsfonts/
cm/cmmi8.pfb><C:/Users/marga/AppData/Local/Programs/MiKTeX 2.9/fonts/type1/publ
ic/amsfonts/cm/cmr10.pfb><C:/Users/marga/AppData/Local/Programs/MiKTeX 2.9/font
s/type1/public/amsfonts/cm/cmr12.pfb><C:/Users/marga/AppData/Local/Programs/MiK
TeX 2.9/fonts/type1/public/amsfonts/cm/cmr6.pfb><C:/Users/marga/AppData/Local/P
rograms/MiKTeX 2.9/fonts/type1/public/amsfonts/cm/cmr8.pfb><C:/Users/marga/AppD
ata/Local/Programs/MiKTeX 2.9/fonts/type1/public/amsfonts/cm/cmsl10.pfb><C:/Use
rs/marga/AppData/Local/Programs/MiKTeX 2.9/fonts/type1/public/amsfonts/cm/cmsy1
0.pfb><C:/Users/marga/AppData/Local/Programs/MiKTeX 2.9/fonts/type1/public/amsf
onts/cm/cmsy8.pfb><C:/Users/marga/AppData/Local/Programs/MiKTeX 2.9/fonts/type1
/public/amsfonts/cm/cmti10.pfb><C:/Users/marga/AppData/Local/Programs/MiKTeX 2.
9/fonts/type1/public/amsfonts/cm/cmti12.pfb><C:/Users/marga/AppData/Local/Progr
ams/MiKTeX 2.9/fonts/type1/public/amsfonts/cm/cmu10.pfb>
Output written on Industrial_Reading_Project.pdf (37 pages, 1389250 bytes).
PDF statistics:
 210 PDF objects out of 1000 (max. 8388607)
 0 named destinations out of 1000 (max. 500000)
 96 words of extra memory for PDF output out of 10000 (max. 10000000)

